#
# A fatal error has been detected by the Java Runtime Environment:
#
#  EXCEPTION_ACCESS_VIOLATION (0xc0000005) at pc=0x0000000180005b00, pid=16956, tid=11384
#
# JRE version: Java(TM) SE Runtime Environment (15.0+36) (build 15+36-1562)
# Java VM: Java HotSpot(TM) 64-Bit Server VM (15+36-1562, mixed mode, sharing, tiered, compressed oops, g1 gc, windows-amd64)
# Problematic frame:
# C  [rxtxSerial.dll+0x5b00]
#
# No core dump will be written. Minidumps are not enabled by default on client versions of Windows
#
# If you would like to submit a bug report, please visit:
#   https://bugreport.java.com/bugreport/crash.jsp
# The crash happened outside the Java Virtual Machine in native code.
# See problematic frame for where to report the bug.
#

---------------  S U M M A R Y ------------

Command Line: gal.teis.vacunas.edcontrolpanel.Main

Host: AMD Ryzen 5 3600 6-Core Processor              , 12 cores, 15G,  Windows 10 , 64 bit Build 19041 (10.0.19041.928)
Time: Sun May  9 13:53:37 2021 Hora de verano romance elapsed time: 0.477499 seconds (0d 0h 0m 0s)

---------------  T H R E A D  ---------------

Current thread (0x000001a05d3d3ea0):  JavaThread "main" [_thread_in_native, id=11384, stack(0x00000085c6f00000,0x00000085c7000000)]

Stack: [0x00000085c6f00000,0x00000085c7000000],  sp=0x00000085c6ffec80,  free space=1019k
Native frames: (J=compiled Java code, j=interpreted, Vv=VM code, C=native code)
C  [rxtxSerial.dll+0x5b00]

Java frames: (J=compiled Java code, j=interpreted, Vv=VM code)
j  gnu.io.RXTXPort.readArray([BII)I+0
j  gnu.io.RXTXPort$SerialInputStream.read([BII)I+187
j  java.io.InputStream.readNBytes(I)[B+55 java.base@15
j  java.io.InputStream.readAllBytes()[B+3 java.base@15
j  gal.teis.vacunas.edcontrolpanel.Arduino.initializeArduinoConnection()V+111
j  gal.teis.vacunas.edcontrolpanel.Arduino.<init>()V+21
j  gal.teis.vacunas.edcontrolpanel.Main.main([Ljava/lang/String;)V+4
v  ~StubRoutines::call_stub

siginfo: EXCEPTION_ACCESS_VIOLATION (0xc0000005), reading address 0xffffffffc81feae8


Register to memory mapping:

RIP=0x0000000180005b00 rxtxSerial.dll
RAX=0x0000000000000001 is an unknown value
RBX=0x0 is NULL
RCX=0x000000018001d4d5 rxtxSerial.dll
RDX=0xfffffffffffff665 is an unknown value
RSP=0x00000085c6ffec80 is pointing into the stack for thread: 0x000001a05d3d3ea0
RBP=0x00000000ffffffff is an unknown value
RSI=0x0 is NULL
RDI=0x000001a05d3d41c8 points into unknown readable memory: 0x00007ffc2a7ebe40 | 40 be 7e 2a fc 7f 00 00
R8 =0x0000000000000002 is an unknown value
R9 =0xfffffffffffff63c is an unknown value
R10=0x00007ffc2a88a6e0 jvm.dll
R11=0x8101010101010100 is an unknown value
R12=0xffffffffc81feae0 is an unknown value
R13=0x000000000000000e is an unknown value
R14=0x00000085c6ffee70 is pointing into the stack for thread: 0x000001a05d3d3ea0
R15=0x0 is NULL


Registers:
RAX=0x0000000000000001, RBX=0x0000000000000000, RCX=0x000000018001d4d5, RDX=0xfffffffffffff665
RSP=0x00000085c6ffec80, RBP=0x00000000ffffffff, RSI=0x0000000000000000, RDI=0x000001a05d3d41c8
R8 =0x0000000000000002, R9 =0xfffffffffffff63c, R10=0x00007ffc2a88a6e0, R11=0x8101010101010100
R12=0xffffffffc81feae0, R13=0x000000000000000e, R14=0x00000085c6ffee70, R15=0x0000000000000000
RIP=0x0000000180005b00, EFLAGS=0x0000000000010202

Top of Stack: (sp=0x00000085c6ffec80)
0x00000085c6ffec80:   0000000000000000 0000000000000000
0x00000085c6ffec90:   0000000000000000 000001a05d3d3ea0
0x00000085c6ffeca0:   0000000000000000 00000085c6ffee70
0x00000085c6ffecb0:   000001a07f3b7288 0000000000000001
0x00000085c6ffecc0:   000001a05d3d41c8 000000000000000e
0x00000085c6ffecd0:   ffffffffffffffff 0000000180006211
0x00000085c6ffece0:   000001a07f937790 000001a05d3d41c8
0x00000085c6ffecf0:   0000000000000001 000001a07f937790
0x00000085c6ffed00:   000001a00000000e 00007ffcffffffff
0x00000085c6ffed10:   00000085c6ffee78 000000000000059a
0x00000085c6ffed20:   000001a07f3b7288 000001a07f3b7288
0x00000085c6ffed30:   00000085c6ffee40 00007ffc2a13bf17
0x00000085c6ffed40:   00000000000155b4 000001a05d3d3ea0
0x00000085c6ffed50:   000001a05d3d3ea0 00004442c26ac4bb
0x00000085c6ffed60:   000001a07f3b7290 000001a07f3b7288
0x00000085c6ffed70:   000001a05d3d3ea0 00000085c6ffee78 

Instructions: (pc=0x0000000180005b00)
0x0000000180005a00:   5d c3 cc cc cc cc cc cc cc cc cc cc cc cc cc cc
0x0000000180005a10:   48 89 5c 24 08 4c 89 4c 24 20 44 89 44 24 18 55
0x0000000180005a20:   56 57 41 54 41 55 41 56 41 57 48 83 ec 20 48 8b
0x0000000180005a30:   2a 48 8b 01 33 db 48 8b d5 48 8b f9 44 8b fb 8b
0x0000000180005a40:   f3 ff 90 f8 00 00 00 4c 8d 0d 9e 70 01 00 4c 8b
0x0000000180005a50:   e0 48 8b 07 4c 8d 05 b5 70 01 00 49 8b d4 48 8b
0x0000000180005a60:   cf ff 90 f0 02 00 00 48 8b cf 4c 8b c0 48 85 c0
0x0000000180005a70:   48 8b 07 75 28 ff 90 80 00 00 00 4c 8b 1f 48 8b
0x0000000180005a80:   cf 41 ff 93 88 00 00 00 4c 8b 1f 49 8b d4 48 8b
0x0000000180005a90:   cf 41 ff 93 b8 00 00 00 4c 8b e3 eb 54 48 8b d5
0x0000000180005aa0:   ff 90 20 03 00 00 49 8b d4 48 8b cf 48 63 e8 48
0x0000000180005ab0:   8b 07 ff 90 b8 00 00 00 48 8d 15 51 70 01 00 48
0x0000000180005ac0:   8d 0d 0e 7a 01 00 41 b8 02 00 00 00 e8 6f 62 00
0x0000000180005ad0:   00 85 c0 75 19 85 ed 75 15 e8 c2 5e 00 00 48 8d
0x0000000180005ae0:   15 23 7a 01 00 48 8d 48 60 e8 3a 5d 00 00 4c 8b
0x0000000180005af0:   e5 8b ac 24 88 00 00 00 44 8b ac 24 80 00 00 00
0x0000000180005b00:   45 8b 74 24 08 41 89 5c 24 08 41 8b fd 85 ed 78
0x0000000180005b10:   09 ff 15 e9 14 01 00 44 8b f8 45 85 ed 7e 4a 90
0x0000000180005b20:   8b c6 ff c6 83 f8 14 7d 40 85 ed 78 0d ff 15 cd
0x0000000180005b30:   14 01 00 41 2b c7 3b c5 7d 2f 8b 4c 24 70 48 63
0x0000000180005b40:   d3 44 8b c7 48 03 54 24 78 e8 a2 31 00 00 85 c0
0x0000000180005b50:   78 33 74 06 03 d8 2b f8 eb 0a b9 e8 03 00 00 e8
0x0000000180005b60:   1c 1c 00 00 41 3b dd 7c b7 8b c3 45 89 74 24 08
0x0000000180005b70:   48 8b 5c 24 60 48 83 c4 20 41 5f 41 5e 41 5d 41
0x0000000180005b80:   5c 5f 5e 5d c3 e8 1e 61 00 00 83 38 04 74 05 e8
0x0000000180005b90:   14 61 00 00 83 c8 ff eb d2 cc cc cc cc cc cc cc
0x0000000180005ba0:   40 53 55 56 57 41 54 41 55 48 81 ec b8 00 00 00
0x0000000180005bb0:   48 8b 05 71 85 01 00 48 33 c4 48 89 84 24 a0 00
0x0000000180005bc0:   00 00 48 8b 01 45 8b e9 41 8b f8 48 8b f2 48 8b
0x0000000180005bd0:   d9 ff 90 f8 00 00 00 4c 8b 13 4c 8d 0d 33 6f 01
0x0000000180005be0:   00 4c 8d 05 7c 6f 01 00 48 8b d0 48 8b cb 4c 8b
0x0000000180005bf0:   e0 41 ff 92 f0 02 00 00 33 ed 48 8b cb 4c 8b c0 


Stack slot to memory mapping:
stack at sp + 0 slots: 0x0 is NULL
stack at sp + 1 slots: 0x0 is NULL
stack at sp + 2 slots: 0x0 is NULL
stack at sp + 3 slots: 0x000001a05d3d3ea0 is a thread
stack at sp + 4 slots: 0x0 is NULL
stack at sp + 5 slots: 0x00000085c6ffee70 is pointing into the stack for thread: 0x000001a05d3d3ea0
stack at sp + 6 slots: 0x000001a07f3b7288 is pointing into metadata
stack at sp + 7 slots: 0x0000000000000001 is an unknown value


---------------  P R O C E S S  ---------------

Threads class SMR info:
_java_thread_list=0x000001a07f930a90, length=12, elements={
0x000001a05d3d3ea0, 0x000001a07ef9e950, 0x000001a07f7a0470, 0x000001a07f7b6550,
0x000001a07f7b8e20, 0x000001a07f7b96e0, 0x000001a07f7bb6e0, 0x000001a07f7bf4e0,
0x000001a07f7c15d0, 0x000001a07f8ee840, 0x000001a07f901040, 0x000001a07f936420
}

Java Threads: ( => current thread )
=>0x000001a05d3d3ea0 JavaThread "main" [_thread_in_native, id=11384, stack(0x00000085c6f00000,0x00000085c7000000)]
  0x000001a07ef9e950 JavaThread "Reference Handler" daemon [_thread_blocked, id=8744, stack(0x00000085c7600000,0x00000085c7700000)]
  0x000001a07f7a0470 JavaThread "Finalizer" daemon [_thread_blocked, id=17128, stack(0x00000085c7700000,0x00000085c7800000)]
  0x000001a07f7b6550 JavaThread "Signal Dispatcher" daemon [_thread_blocked, id=14144, stack(0x00000085c7800000,0x00000085c7900000)]
  0x000001a07f7b8e20 JavaThread "Attach Listener" daemon [_thread_blocked, id=2468, stack(0x00000085c7900000,0x00000085c7a00000)]
  0x000001a07f7b96e0 JavaThread "Service Thread" daemon [_thread_blocked, id=16204, stack(0x00000085c7a00000,0x00000085c7b00000)]
  0x000001a07f7bb6e0 JavaThread "C2 CompilerThread0" daemon [_thread_blocked, id=16672, stack(0x00000085c7b00000,0x00000085c7c00000)]
  0x000001a07f7bf4e0 JavaThread "C1 CompilerThread0" daemon [_thread_blocked, id=8992, stack(0x00000085c7c00000,0x00000085c7d00000)]
  0x000001a07f7c15d0 JavaThread "Sweeper thread" daemon [_thread_blocked, id=928, stack(0x00000085c7d00000,0x00000085c7e00000)]
  0x000001a07f8ee840 JavaThread "Notification Thread" daemon [_thread_blocked, id=12936, stack(0x00000085c7e00000,0x00000085c7f00000)]
  0x000001a07f901040 JavaThread "Common-Cleaner" daemon [_thread_blocked, id=1252, stack(0x00000085c8000000,0x00000085c8100000)]
  0x000001a07f936420 JavaThread "Thread-0" [_thread_in_native, id=17228, stack(0x00000085c8100000,0x00000085c8200000)]

Other Threads:
  0x000001a07ef95290 VMThread "VM Thread" [stack: 0x00000085c7500000,0x00000085c7600000] [id=16620]
  0x000001a07f8f6d30 WatcherThread [stack: 0x00000085c7f00000,0x00000085c8000000] [id=16496]
  0x000001a05d425f10 GCTaskThread "GC Thread#0" [stack: 0x00000085c7000000,0x00000085c7100000] [id=15148]
  0x000001a05d436f30 ConcurrentGCThread "G1 Main Marker" [stack: 0x00000085c7100000,0x00000085c7200000] [id=17264]
  0x000001a05d438150 ConcurrentGCThread "G1 Conc#0" [stack: 0x00000085c7200000,0x00000085c7300000] [id=16872]
  0x000001a05d4ae490 ConcurrentGCThread "G1 Refine#0" [stack: 0x00000085c7300000,0x00000085c7400000] [id=16744]
  0x000001a07ee0b110 ConcurrentGCThread "G1 Young RemSet Sampling" [stack: 0x00000085c7400000,0x00000085c7500000] [id=15236]

Threads with active compile tasks:

VM state: not at safepoint (normal execution)

VM Mutex/Monitor currently owned by a thread: None

Heap address: 0x0000000700c00000, size: 4084 MB, Compressed Oops mode: Zero based, Oop shift amount: 3
CDS archive(s) mapped at: [0x0000000800000000-0x0000000800b50000-0x0000000800b50000), size 11862016, SharedBaseAddress: 0x0000000800000000, ArchiveRelocationMode: 0.
Compressed class space mapped at: 0x0000000800b50000-0x0000000840b50000, size: 1073741824
Narrow klass base: 0x0000000800000000, Narrow klass shift: 3, Narrow klass range: 0x100000000

GC Precious Log:
 CPUs: 12 total, 12 available
 Memory: 16334M
 Large Page Support: Disabled
 NUMA Support: Disabled
 Compressed Oops: Enabled (Zero based)
 Heap Region Size: 2M
 Heap Min Capacity: 8M
 Heap Initial Capacity: 256M
 Heap Max Capacity: 4084M
 Pre-touch: Disabled
 Parallel Workers: 10
 Concurrent Workers: 3
 Concurrent Refinement Workers: 10
 Periodic GC: Disabled

Heap:
 garbage-first heap   total 262144K, used 0K [0x0000000700c00000, 0x0000000800000000)
  region size 2048K, 1 young (2048K), 0 survivors (0K)
 Metaspace       used 435K, capacity 4664K, committed 4864K, reserved 1056768K
  class space    used 29K, capacity 424K, committed 512K, reserved 1048576K

Heap Regions: E=young(eden), S=young(survivor), O=old, HS=humongous(starts), HC=humongous(continues), CS=collection set, F=free, OA=open archive, CA=closed archive, TAMS=top-at-mark-start (previous, next)
|   0|0x0000000700c00000, 0x0000000700c00000, 0x0000000700e00000|  0%| F|  |TAMS 0x0000000700c00000, 0x0000000700c00000| Untracked 
|   1|0x0000000700e00000, 0x0000000700e00000, 0x0000000701000000|  0%| F|  |TAMS 0x0000000700e00000, 0x0000000700e00000| Untracked 
|   2|0x0000000701000000, 0x0000000701000000, 0x0000000701200000|  0%| F|  |TAMS 0x0000000701000000, 0x0000000701000000| Untracked 
|   3|0x0000000701200000, 0x0000000701200000, 0x0000000701400000|  0%| F|  |TAMS 0x0000000701200000, 0x0000000701200000| Untracked 
|   4|0x0000000701400000, 0x0000000701400000, 0x0000000701600000|  0%| F|  |TAMS 0x0000000701400000, 0x0000000701400000| Untracked 
|   5|0x0000000701600000, 0x0000000701600000, 0x0000000701800000|  0%| F|  |TAMS 0x0000000701600000, 0x0000000701600000| Untracked 
|   6|0x0000000701800000, 0x0000000701800000, 0x0000000701a00000|  0%| F|  |TAMS 0x0000000701800000, 0x0000000701800000| Untracked 
|   7|0x0000000701a00000, 0x0000000701a00000, 0x0000000701c00000|  0%| F|  |TAMS 0x0000000701a00000, 0x0000000701a00000| Untracked 
|   8|0x0000000701c00000, 0x0000000701c00000, 0x0000000701e00000|  0%| F|  |TAMS 0x0000000701c00000, 0x0000000701c00000| Untracked 
|   9|0x0000000701e00000, 0x0000000701e00000, 0x0000000702000000|  0%| F|  |TAMS 0x0000000701e00000, 0x0000000701e00000| Untracked 
|  10|0x0000000702000000, 0x0000000702000000, 0x0000000702200000|  0%| F|  |TAMS 0x0000000702000000, 0x0000000702000000| Untracked 
|  11|0x0000000702200000, 0x0000000702200000, 0x0000000702400000|  0%| F|  |TAMS 0x0000000702200000, 0x0000000702200000| Untracked 
|  12|0x0000000702400000, 0x0000000702400000, 0x0000000702600000|  0%| F|  |TAMS 0x0000000702400000, 0x0000000702400000| Untracked 
|  13|0x0000000702600000, 0x0000000702600000, 0x0000000702800000|  0%| F|  |TAMS 0x0000000702600000, 0x0000000702600000| Untracked 
|  14|0x0000000702800000, 0x0000000702800000, 0x0000000702a00000|  0%| F|  |TAMS 0x0000000702800000, 0x0000000702800000| Untracked 
|  15|0x0000000702a00000, 0x0000000702a00000, 0x0000000702c00000|  0%| F|  |TAMS 0x0000000702a00000, 0x0000000702a00000| Untracked 
|  16|0x0000000702c00000, 0x0000000702c00000, 0x0000000702e00000|  0%| F|  |TAMS 0x0000000702c00000, 0x0000000702c00000| Untracked 
|  17|0x0000000702e00000, 0x0000000702e00000, 0x0000000703000000|  0%| F|  |TAMS 0x0000000702e00000, 0x0000000702e00000| Untracked 
|  18|0x0000000703000000, 0x0000000703000000, 0x0000000703200000|  0%| F|  |TAMS 0x0000000703000000, 0x0000000703000000| Untracked 
|  19|0x0000000703200000, 0x0000000703200000, 0x0000000703400000|  0%| F|  |TAMS 0x0000000703200000, 0x0000000703200000| Untracked 
|  20|0x0000000703400000, 0x0000000703400000, 0x0000000703600000|  0%| F|  |TAMS 0x0000000703400000, 0x0000000703400000| Untracked 
|  21|0x0000000703600000, 0x0000000703600000, 0x0000000703800000|  0%| F|  |TAMS 0x0000000703600000, 0x0000000703600000| Untracked 
|  22|0x0000000703800000, 0x0000000703800000, 0x0000000703a00000|  0%| F|  |TAMS 0x0000000703800000, 0x0000000703800000| Untracked 
|  23|0x0000000703a00000, 0x0000000703a00000, 0x0000000703c00000|  0%| F|  |TAMS 0x0000000703a00000, 0x0000000703a00000| Untracked 
|  24|0x0000000703c00000, 0x0000000703c00000, 0x0000000703e00000|  0%| F|  |TAMS 0x0000000703c00000, 0x0000000703c00000| Untracked 
|  25|0x0000000703e00000, 0x0000000703e00000, 0x0000000704000000|  0%| F|  |TAMS 0x0000000703e00000, 0x0000000703e00000| Untracked 
|  26|0x0000000704000000, 0x0000000704000000, 0x0000000704200000|  0%| F|  |TAMS 0x0000000704000000, 0x0000000704000000| Untracked 
|  27|0x0000000704200000, 0x0000000704200000, 0x0000000704400000|  0%| F|  |TAMS 0x0000000704200000, 0x0000000704200000| Untracked 
|  28|0x0000000704400000, 0x0000000704400000, 0x0000000704600000|  0%| F|  |TAMS 0x0000000704400000, 0x0000000704400000| Untracked 
|  29|0x0000000704600000, 0x0000000704600000, 0x0000000704800000|  0%| F|  |TAMS 0x0000000704600000, 0x0000000704600000| Untracked 
|  30|0x0000000704800000, 0x0000000704800000, 0x0000000704a00000|  0%| F|  |TAMS 0x0000000704800000, 0x0000000704800000| Untracked 
|  31|0x0000000704a00000, 0x0000000704a00000, 0x0000000704c00000|  0%| F|  |TAMS 0x0000000704a00000, 0x0000000704a00000| Untracked 
|  32|0x0000000704c00000, 0x0000000704c00000, 0x0000000704e00000|  0%| F|  |TAMS 0x0000000704c00000, 0x0000000704c00000| Untracked 
|  33|0x0000000704e00000, 0x0000000704e00000, 0x0000000705000000|  0%| F|  |TAMS 0x0000000704e00000, 0x0000000704e00000| Untracked 
|  34|0x0000000705000000, 0x0000000705000000, 0x0000000705200000|  0%| F|  |TAMS 0x0000000705000000, 0x0000000705000000| Untracked 
|  35|0x0000000705200000, 0x0000000705200000, 0x0000000705400000|  0%| F|  |TAMS 0x0000000705200000, 0x0000000705200000| Untracked 
|  36|0x0000000705400000, 0x0000000705400000, 0x0000000705600000|  0%| F|  |TAMS 0x0000000705400000, 0x0000000705400000| Untracked 
|  37|0x0000000705600000, 0x0000000705600000, 0x0000000705800000|  0%| F|  |TAMS 0x0000000705600000, 0x0000000705600000| Untracked 
|  38|0x0000000705800000, 0x0000000705800000, 0x0000000705a00000|  0%| F|  |TAMS 0x0000000705800000, 0x0000000705800000| Untracked 
|  39|0x0000000705a00000, 0x0000000705a00000, 0x0000000705c00000|  0%| F|  |TAMS 0x0000000705a00000, 0x0000000705a00000| Untracked 
|  40|0x0000000705c00000, 0x0000000705c00000, 0x0000000705e00000|  0%| F|  |TAMS 0x0000000705c00000, 0x0000000705c00000| Untracked 
|  41|0x0000000705e00000, 0x0000000705e00000, 0x0000000706000000|  0%| F|  |TAMS 0x0000000705e00000, 0x0000000705e00000| Untracked 
|  42|0x0000000706000000, 0x0000000706000000, 0x0000000706200000|  0%| F|  |TAMS 0x0000000706000000, 0x0000000706000000| Untracked 
|  43|0x0000000706200000, 0x0000000706200000, 0x0000000706400000|  0%| F|  |TAMS 0x0000000706200000, 0x0000000706200000| Untracked 
|  44|0x0000000706400000, 0x0000000706400000, 0x0000000706600000|  0%| F|  |TAMS 0x0000000706400000, 0x0000000706400000| Untracked 
|  45|0x0000000706600000, 0x0000000706600000, 0x0000000706800000|  0%| F|  |TAMS 0x0000000706600000, 0x0000000706600000| Untracked 
|  46|0x0000000706800000, 0x0000000706800000, 0x0000000706a00000|  0%| F|  |TAMS 0x0000000706800000, 0x0000000706800000| Untracked 
|  47|0x0000000706a00000, 0x0000000706a00000, 0x0000000706c00000|  0%| F|  |TAMS 0x0000000706a00000, 0x0000000706a00000| Untracked 
|  48|0x0000000706c00000, 0x0000000706c00000, 0x0000000706e00000|  0%| F|  |TAMS 0x0000000706c00000, 0x0000000706c00000| Untracked 
|  49|0x0000000706e00000, 0x0000000706e00000, 0x0000000707000000|  0%| F|  |TAMS 0x0000000706e00000, 0x0000000706e00000| Untracked 
|  50|0x0000000707000000, 0x0000000707000000, 0x0000000707200000|  0%| F|  |TAMS 0x0000000707000000, 0x0000000707000000| Untracked 
|  51|0x0000000707200000, 0x0000000707200000, 0x0000000707400000|  0%| F|  |TAMS 0x0000000707200000, 0x0000000707200000| Untracked 
|  52|0x0000000707400000, 0x0000000707400000, 0x0000000707600000|  0%| F|  |TAMS 0x0000000707400000, 0x0000000707400000| Untracked 
|  53|0x0000000707600000, 0x0000000707600000, 0x0000000707800000|  0%| F|  |TAMS 0x0000000707600000, 0x0000000707600000| Untracked 
|  54|0x0000000707800000, 0x0000000707800000, 0x0000000707a00000|  0%| F|  |TAMS 0x0000000707800000, 0x0000000707800000| Untracked 
|  55|0x0000000707a00000, 0x0000000707a00000, 0x0000000707c00000|  0%| F|  |TAMS 0x0000000707a00000, 0x0000000707a00000| Untracked 
|  56|0x0000000707c00000, 0x0000000707c00000, 0x0000000707e00000|  0%| F|  |TAMS 0x0000000707c00000, 0x0000000707c00000| Untracked 
|  57|0x0000000707e00000, 0x0000000707e00000, 0x0000000708000000|  0%| F|  |TAMS 0x0000000707e00000, 0x0000000707e00000| Untracked 
|  58|0x0000000708000000, 0x0000000708000000, 0x0000000708200000|  0%| F|  |TAMS 0x0000000708000000, 0x0000000708000000| Untracked 
|  59|0x0000000708200000, 0x0000000708200000, 0x0000000708400000|  0%| F|  |TAMS 0x0000000708200000, 0x0000000708200000| Untracked 
|  60|0x0000000708400000, 0x0000000708400000, 0x0000000708600000|  0%| F|  |TAMS 0x0000000708400000, 0x0000000708400000| Untracked 
|  61|0x0000000708600000, 0x0000000708600000, 0x0000000708800000|  0%| F|  |TAMS 0x0000000708600000, 0x0000000708600000| Untracked 
|  62|0x0000000708800000, 0x0000000708800000, 0x0000000708a00000|  0%| F|  |TAMS 0x0000000708800000, 0x0000000708800000| Untracked 
|  63|0x0000000708a00000, 0x0000000708a00000, 0x0000000708c00000|  0%| F|  |TAMS 0x0000000708a00000, 0x0000000708a00000| Untracked 
|  64|0x0000000708c00000, 0x0000000708c00000, 0x0000000708e00000|  0%| F|  |TAMS 0x0000000708c00000, 0x0000000708c00000| Untracked 
|  65|0x0000000708e00000, 0x0000000708e00000, 0x0000000709000000|  0%| F|  |TAMS 0x0000000708e00000, 0x0000000708e00000| Untracked 
|  66|0x0000000709000000, 0x0000000709000000, 0x0000000709200000|  0%| F|  |TAMS 0x0000000709000000, 0x0000000709000000| Untracked 
|  67|0x0000000709200000, 0x0000000709200000, 0x0000000709400000|  0%| F|  |TAMS 0x0000000709200000, 0x0000000709200000| Untracked 
|  68|0x0000000709400000, 0x0000000709400000, 0x0000000709600000|  0%| F|  |TAMS 0x0000000709400000, 0x0000000709400000| Untracked 
|  69|0x0000000709600000, 0x0000000709600000, 0x0000000709800000|  0%| F|  |TAMS 0x0000000709600000, 0x0000000709600000| Untracked 
|  70|0x0000000709800000, 0x0000000709800000, 0x0000000709a00000|  0%| F|  |TAMS 0x0000000709800000, 0x0000000709800000| Untracked 
|  71|0x0000000709a00000, 0x0000000709a00000, 0x0000000709c00000|  0%| F|  |TAMS 0x0000000709a00000, 0x0000000709a00000| Untracked 
|  72|0x0000000709c00000, 0x0000000709c00000, 0x0000000709e00000|  0%| F|  |TAMS 0x0000000709c00000, 0x0000000709c00000| Untracked 
|  73|0x0000000709e00000, 0x0000000709e00000, 0x000000070a000000|  0%| F|  |TAMS 0x0000000709e00000, 0x0000000709e00000| Untracked 
|  74|0x000000070a000000, 0x000000070a000000, 0x000000070a200000|  0%| F|  |TAMS 0x000000070a000000, 0x000000070a000000| Untracked 
|  75|0x000000070a200000, 0x000000070a200000, 0x000000070a400000|  0%| F|  |TAMS 0x000000070a200000, 0x000000070a200000| Untracked 
|  76|0x000000070a400000, 0x000000070a400000, 0x000000070a600000|  0%| F|  |TAMS 0x000000070a400000, 0x000000070a400000| Untracked 
|  77|0x000000070a600000, 0x000000070a600000, 0x000000070a800000|  0%| F|  |TAMS 0x000000070a600000, 0x000000070a600000| Untracked 
|  78|0x000000070a800000, 0x000000070a800000, 0x000000070aa00000|  0%| F|  |TAMS 0x000000070a800000, 0x000000070a800000| Untracked 
|  79|0x000000070aa00000, 0x000000070aa00000, 0x000000070ac00000|  0%| F|  |TAMS 0x000000070aa00000, 0x000000070aa00000| Untracked 
|  80|0x000000070ac00000, 0x000000070ac00000, 0x000000070ae00000|  0%| F|  |TAMS 0x000000070ac00000, 0x000000070ac00000| Untracked 
|  81|0x000000070ae00000, 0x000000070ae00000, 0x000000070b000000|  0%| F|  |TAMS 0x000000070ae00000, 0x000000070ae00000| Untracked 
|  82|0x000000070b000000, 0x000000070b000000, 0x000000070b200000|  0%| F|  |TAMS 0x000000070b000000, 0x000000070b000000| Untracked 
|  83|0x000000070b200000, 0x000000070b200000, 0x000000070b400000|  0%| F|  |TAMS 0x000000070b200000, 0x000000070b200000| Untracked 
|  84|0x000000070b400000, 0x000000070b400000, 0x000000070b600000|  0%| F|  |TAMS 0x000000070b400000, 0x000000070b400000| Untracked 
|  85|0x000000070b600000, 0x000000070b600000, 0x000000070b800000|  0%| F|  |TAMS 0x000000070b600000, 0x000000070b600000| Untracked 
|  86|0x000000070b800000, 0x000000070b800000, 0x000000070ba00000|  0%| F|  |TAMS 0x000000070b800000, 0x000000070b800000| Untracked 
|  87|0x000000070ba00000, 0x000000070ba00000, 0x000000070bc00000|  0%| F|  |TAMS 0x000000070ba00000, 0x000000070ba00000| Untracked 
|  88|0x000000070bc00000, 0x000000070bc00000, 0x000000070be00000|  0%| F|  |TAMS 0x000000070bc00000, 0x000000070bc00000| Untracked 
|  89|0x000000070be00000, 0x000000070be00000, 0x000000070c000000|  0%| F|  |TAMS 0x000000070be00000, 0x000000070be00000| Untracked 
|  90|0x000000070c000000, 0x000000070c000000, 0x000000070c200000|  0%| F|  |TAMS 0x000000070c000000, 0x000000070c000000| Untracked 
|  91|0x000000070c200000, 0x000000070c200000, 0x000000070c400000|  0%| F|  |TAMS 0x000000070c200000, 0x000000070c200000| Untracked 
|  92|0x000000070c400000, 0x000000070c400000, 0x000000070c600000|  0%| F|  |TAMS 0x000000070c400000, 0x000000070c400000| Untracked 
|  93|0x000000070c600000, 0x000000070c600000, 0x000000070c800000|  0%| F|  |TAMS 0x000000070c600000, 0x000000070c600000| Untracked 
|  94|0x000000070c800000, 0x000000070c800000, 0x000000070ca00000|  0%| F|  |TAMS 0x000000070c800000, 0x000000070c800000| Untracked 
|  95|0x000000070ca00000, 0x000000070ca00000, 0x000000070cc00000|  0%| F|  |TAMS 0x000000070ca00000, 0x000000070ca00000| Untracked 
|  96|0x000000070cc00000, 0x000000070cc00000, 0x000000070ce00000|  0%| F|  |TAMS 0x000000070cc00000, 0x000000070cc00000| Untracked 
|  97|0x000000070ce00000, 0x000000070ce00000, 0x000000070d000000|  0%| F|  |TAMS 0x000000070ce00000, 0x000000070ce00000| Untracked 
|  98|0x000000070d000000, 0x000000070d000000, 0x000000070d200000|  0%| F|  |TAMS 0x000000070d000000, 0x000000070d000000| Untracked 
|  99|0x000000070d200000, 0x000000070d200000, 0x000000070d400000|  0%| F|  |TAMS 0x000000070d200000, 0x000000070d200000| Untracked 
| 100|0x000000070d400000, 0x000000070d400000, 0x000000070d600000|  0%| F|  |TAMS 0x000000070d400000, 0x000000070d400000| Untracked 
| 101|0x000000070d600000, 0x000000070d600000, 0x000000070d800000|  0%| F|  |TAMS 0x000000070d600000, 0x000000070d600000| Untracked 
| 102|0x000000070d800000, 0x000000070d800000, 0x000000070da00000|  0%| F|  |TAMS 0x000000070d800000, 0x000000070d800000| Untracked 
| 103|0x000000070da00000, 0x000000070da00000, 0x000000070dc00000|  0%| F|  |TAMS 0x000000070da00000, 0x000000070da00000| Untracked 
| 104|0x000000070dc00000, 0x000000070dc00000, 0x000000070de00000|  0%| F|  |TAMS 0x000000070dc00000, 0x000000070dc00000| Untracked 
| 105|0x000000070de00000, 0x000000070de00000, 0x000000070e000000|  0%| F|  |TAMS 0x000000070de00000, 0x000000070de00000| Untracked 
| 106|0x000000070e000000, 0x000000070e000000, 0x000000070e200000|  0%| F|  |TAMS 0x000000070e000000, 0x000000070e000000| Untracked 
| 107|0x000000070e200000, 0x000000070e200000, 0x000000070e400000|  0%| F|  |TAMS 0x000000070e200000, 0x000000070e200000| Untracked 
| 108|0x000000070e400000, 0x000000070e400000, 0x000000070e600000|  0%| F|  |TAMS 0x000000070e400000, 0x000000070e400000| Untracked 
| 109|0x000000070e600000, 0x000000070e600000, 0x000000070e800000|  0%| F|  |TAMS 0x000000070e600000, 0x000000070e600000| Untracked 
| 110|0x000000070e800000, 0x000000070e800000, 0x000000070ea00000|  0%| F|  |TAMS 0x000000070e800000, 0x000000070e800000| Untracked 
| 111|0x000000070ea00000, 0x000000070ea00000, 0x000000070ec00000|  0%| F|  |TAMS 0x000000070ea00000, 0x000000070ea00000| Untracked 
| 112|0x000000070ec00000, 0x000000070ec00000, 0x000000070ee00000|  0%| F|  |TAMS 0x000000070ec00000, 0x000000070ec00000| Untracked 
| 113|0x000000070ee00000, 0x000000070ee00000, 0x000000070f000000|  0%| F|  |TAMS 0x000000070ee00000, 0x000000070ee00000| Untracked 
| 114|0x000000070f000000, 0x000000070f000000, 0x000000070f200000|  0%| F|  |TAMS 0x000000070f000000, 0x000000070f000000| Untracked 
| 115|0x000000070f200000, 0x000000070f200000, 0x000000070f400000|  0%| F|  |TAMS 0x000000070f200000, 0x000000070f200000| Untracked 
| 116|0x000000070f400000, 0x000000070f400000, 0x000000070f600000|  0%| F|  |TAMS 0x000000070f400000, 0x000000070f400000| Untracked 
| 117|0x000000070f600000, 0x000000070f600000, 0x000000070f800000|  0%| F|  |TAMS 0x000000070f600000, 0x000000070f600000| Untracked 
| 118|0x000000070f800000, 0x000000070f800000, 0x000000070fa00000|  0%| F|  |TAMS 0x000000070f800000, 0x000000070f800000| Untracked 
| 119|0x000000070fa00000, 0x000000070fa00000, 0x000000070fc00000|  0%| F|  |TAMS 0x000000070fa00000, 0x000000070fa00000| Untracked 
| 120|0x000000070fc00000, 0x000000070fc00000, 0x000000070fe00000|  0%| F|  |TAMS 0x000000070fc00000, 0x000000070fc00000| Untracked 
| 121|0x000000070fe00000, 0x000000070fe00000, 0x0000000710000000|  0%| F|  |TAMS 0x000000070fe00000, 0x000000070fe00000| Untracked 
| 122|0x0000000710000000, 0x0000000710000000, 0x0000000710200000|  0%| F|  |TAMS 0x0000000710000000, 0x0000000710000000| Untracked 
| 123|0x0000000710200000, 0x0000000710200000, 0x0000000710400000|  0%| F|  |TAMS 0x0000000710200000, 0x0000000710200000| Untracked 
| 124|0x0000000710400000, 0x0000000710400000, 0x0000000710600000|  0%| F|  |TAMS 0x0000000710400000, 0x0000000710400000| Untracked 
| 125|0x0000000710600000, 0x0000000710600000, 0x0000000710800000|  0%| F|  |TAMS 0x0000000710600000, 0x0000000710600000| Untracked 
| 126|0x0000000710800000, 0x0000000710800000, 0x0000000710a00000|  0%| F|  |TAMS 0x0000000710800000, 0x0000000710800000| Untracked 
| 127|0x0000000710a00000, 0x0000000710c00000, 0x0000000710c00000|100%| E|  |TAMS 0x0000000710a00000, 0x0000000710a00000| Complete 

Card table byte_map: [0x000001a075360000,0x000001a075b60000] _byte_map_base: 0x000001a071b5a000

Marking Bits (Prev, Next): (CMBitMap*) 0x000001a05d426590, (CMBitMap*) 0x000001a05d4265d0
 Prev Bits: [0x000001a076360000, 0x000001a07a330000)
 Next Bits: [0x000001a07a330000, 0x000001a07e300000)

Polling page: 0x000001a05b3d0000

Metaspace:

Usage:
  Non-class:      4.14 MB capacity,   406.72 KB ( 10%) used,     3.74 MB ( 90%) free+waste,   448 bytes ( <1%) overhead. 
      Class:    424.00 KB capacity,    29.13 KB (  7%) used,   394.49 KB ( 93%) free+waste,   384 bytes ( <1%) overhead. 
       Both:      4.55 MB capacity,   435.85 KB (  9%) used,     4.13 MB ( 91%) free+waste,   832 bytes ( <1%) overhead. 

Virtual space:
  Non-class space:        8.00 MB reserved,       4.25 MB ( 53%) committed 
      Class space:        1.00 GB reserved,     512.00 KB ( <1%) committed 
             Both:        1.01 GB reserved,       4.75 MB ( <1%) committed 

Chunk freelists:
   Non-Class:  48.00 KB
       Class:  24.00 KB
        Both:  72.00 KB

MaxMetaspaceSize: 17179869184.00 GB
CompressedClassSpaceSize: 1.00 GB

CodeHeap 'non-profiled nmethods': size=120000Kb used=26Kb max_used=26Kb free=119973Kb
 bounds [0x000001a06d0e0000, 0x000001a06d350000, 0x000001a074610000]
CodeHeap 'profiled nmethods': size=120000Kb used=188Kb max_used=188Kb free=119811Kb
 bounds [0x000001a065bb0000, 0x000001a065e20000, 0x000001a06d0e0000]
CodeHeap 'non-nmethods': size=5760Kb used=1074Kb max_used=1087Kb free=4686Kb
 bounds [0x000001a065610000, 0x000001a065880000, 0x000001a065bb0000]
 total_blobs=446 nmethods=145 adapters=214
 compilation: enabled
              stopped_count=0, restarted_count=0
 full_count=0

Compilation events (20 events):
Event: 0.223 Thread 0x000001a07f7bb6e0  135       4       java.lang.CharacterDataLatin1::toLowerCase (39 bytes)
Event: 0.224 Thread 0x000001a07f7bf4e0  136       3       java.lang.String::indexOf (64 bytes)
Event: 0.224 Thread 0x000001a07f7bf4e0 nmethod 136 0x000001a065bdc410 code [0x000001a065bdc600, 0x000001a065bdca88]
Event: 0.224 Thread 0x000001a07f7bf4e0  137       3       java.lang.StringLatin1::indexOf (25 bytes)
Event: 0.224 Thread 0x000001a07f7bf4e0 nmethod 137 0x000001a065bdcc10 code [0x000001a065bdcdc0, 0x000001a065bdcf88]
Event: 0.224 Thread 0x000001a07f7bb6e0 nmethod 135 0x000001a06d0e5e90 code [0x000001a06d0e6000, 0x000001a06d0e60d8]
Event: 0.226 Thread 0x000001a07f7bf4e0  139       1       java.util.zip.Inflater$InflaterZStreamRef::address (5 bytes)
Event: 0.226 Thread 0x000001a07f7bf4e0 nmethod 139 0x000001a06d0e6190 code [0x000001a06d0e6320, 0x000001a06d0e63d8]
Event: 0.226 Thread 0x000001a07f7bf4e0  140       1       java.net.URL::getProtocol (5 bytes)
Event: 0.226 Thread 0x000001a07f7bf4e0 nmethod 140 0x000001a06d0e6490 code [0x000001a06d0e6620, 0x000001a06d0e66d8]
Event: 0.226 Thread 0x000001a07f7bf4e0  141       3       jdk.internal.util.ArraysSupport::newLength (23 bytes)
Event: 0.226 Thread 0x000001a07f7bf4e0 nmethod 141 0x000001a065bdd090 code [0x000001a065bdd260, 0x000001a065bdd608]
Event: 0.226 Thread 0x000001a07f7bb6e0  142       4       java.lang.String::charAt (25 bytes)
Event: 0.227 Thread 0x000001a07f7bf4e0  143       3       java.util.Arrays::copyOf (19 bytes)
Event: 0.227 Thread 0x000001a07f7bf4e0 nmethod 143 0x000001a065bdd790 code [0x000001a065bdd940, 0x000001a065bddc28]
Event: 0.227 Thread 0x000001a07f7bf4e0  144       3       java.util.concurrent.ConcurrentHashMap::get (162 bytes)
Event: 0.227 Thread 0x000001a07f7bb6e0 nmethod 142 0x000001a06d0e6790 code [0x000001a06d0e6920, 0x000001a06d0e6a08]
Event: 0.227 Thread 0x000001a07f7bf4e0 nmethod 144 0x000001a065bddd90 code [0x000001a065bddfc0, 0x000001a065bdea68]
Event: 0.388 Thread 0x000001a07f7bf4e0  145       3       java.util.Objects::requireNonNull (15 bytes)
Event: 0.388 Thread 0x000001a07f7bf4e0 nmethod 145 0x000001a065bded90 code [0x000001a065bdef40, 0x000001a065bdf128]

GC Heap History (0 events):
No events

Deoptimization events (0 events):
No events

Classes unloaded (0 events):
No events

Classes redefined (0 events):
No events

Internal exceptions (4 events):
Event: 0.042 Thread 0x000001a05d3d3ea0 Exception <a 'java/io/FileNotFoundException'{0x0000000710b59a60}> (0x0000000710b59a60) 
thrown [./open/src/hotspot/share/prims/jni.cpp, line 578]
Event: 0.128 Thread 0x000001a05d3d3ea0 Exception <a 'java/io/FileNotFoundException'{0x0000000710b6e7c8}> (0x0000000710b6e7c8) 
thrown [./open/src/hotspot/share/prims/jni.cpp, line 578]
Event: 0.128 Thread 0x000001a05d3d3ea0 Exception <a 'java/io/FileNotFoundException'{0x0000000710b7e2d8}> (0x0000000710b7e2d8) 
thrown [./open/src/hotspot/share/prims/jni.cpp, line 578]
Event: 0.225 Thread 0x000001a05d3d3ea0 Exception <a 'java/io/FileNotFoundException'{0x0000000710b92a60}> (0x0000000710b92a60) 
thrown [./open/src/hotspot/share/prims/jni.cpp, line 578]

Events (20 events):
Event: 0.032 Loaded shared library C:\Program Files\Java\jdk-15\bin\net.dll
Event: 0.032 Loaded shared library C:\Program Files\Java\jdk-15\bin\nio.dll
Event: 0.034 Loaded shared library C:\Program Files\Java\jdk-15\bin\zip.dll
Event: 0.036 Executing VM operation: HandshakeAllThreads
Event: 0.036 Executing VM operation: HandshakeAllThreads done
Event: 0.036 Loaded shared library C:\Program Files\Java\jdk-15\bin\verify.dll
Event: 0.037 loading class java/lang/InterruptedException
Event: 0.037 loading class java/lang/InterruptedException done
Event: 0.039 Executing VM operation: HandshakeAllThreads
Event: 0.039 Executing VM operation: HandshakeAllThreads done
Event: 0.041 Loaded shared library C:\Program Files\Java\jdk-15\bin\rxtxSerial.dll
Event: 0.042 loading class java/io/FileNotFoundException
Event: 0.042 loading class java/io/FileNotFoundException done
Event: 0.225 loading class java/util/TooManyListenersException
Event: 0.225 loading class java/util/TooManyListenersException done
Event: 0.227 loading class java/lang/NumberFormatException
Event: 0.227 loading class java/lang/NumberFormatException done
Event: 0.228 loading class java/lang/IndexOutOfBoundsException
Event: 0.228 loading class java/lang/IndexOutOfBoundsException done
Event: 0.388 Thread 0x000001a07f936420 Thread added: 0x000001a07f936420


Dynamic libraries:
0x00007ff71d0f0000 - 0x00007ff71d0ff000 	C:\Program Files\Java\jdk-15\bin\java.exe
0x00007ffc941f0000 - 0x00007ffc943e5000 	C:\WINDOWS\SYSTEM32\ntdll.dll
0x00007ffc92ee0000 - 0x00007ffc92f9d000 	C:\WINDOWS\System32\KERNEL32.DLL
0x00007ffc91d80000 - 0x00007ffc92048000 	C:\WINDOWS\System32\KERNELBASE.dll
0x00007ffc92150000 - 0x00007ffc92250000 	C:\WINDOWS\System32\ucrtbase.dll
0x00007ffc71920000 - 0x00007ffc71938000 	C:\Program Files\Java\jdk-15\bin\jli.dll
0x00007ffc71820000 - 0x00007ffc71839000 	C:\Program Files\Java\jdk-15\bin\VCRUNTIME140.dll
0x00007ffc93000000 - 0x00007ffc930ac000 	C:\WINDOWS\System32\ADVAPI32.dll
0x00007ffc929b0000 - 0x00007ffc92a4e000 	C:\WINDOWS\System32\msvcrt.dll
0x00007ffc92830000 - 0x00007ffc928cb000 	C:\WINDOWS\System32\sechost.dll
0x00007ffc93810000 - 0x00007ffc9393b000 	C:\WINDOWS\System32\RPCRT4.dll
0x00007ffc93630000 - 0x00007ffc937d0000 	C:\WINDOWS\System32\USER32.dll
0x00007ffc92120000 - 0x00007ffc92142000 	C:\WINDOWS\System32\win32u.dll
0x00007ffc6ae80000 - 0x00007ffc6b11a000 	C:\WINDOWS\WinSxS\amd64_microsoft.windows.common-controls_6595b64144ccf1df_6.0.19041.844_none_ca00b6081b84eb1d\COMCTL32.dll
0x00007ffc937d0000 - 0x00007ffc937fa000 	C:\WINDOWS\System32\GDI32.dll
0x00007ffc91960000 - 0x00007ffc91a6b000 	C:\WINDOWS\System32\gdi32full.dll
0x00007ffc91a70000 - 0x00007ffc91b0d000 	C:\WINDOWS\System32\msvcp_win.dll
0x00007ffc88800000 - 0x00007ffc8880a000 	C:\WINDOWS\SYSTEM32\VERSION.dll
0x00007ffc93390000 - 0x00007ffc933c0000 	C:\WINDOWS\System32\IMM32.DLL
0x00007ffc86740000 - 0x00007ffc8674c000 	C:\Program Files\Java\jdk-15\bin\vcruntime140_1.dll
0x00007ffc3d9c0000 - 0x00007ffc3da51000 	C:\Program Files\Java\jdk-15\bin\msvcp140.dll
0x00007ffc29df0000 - 0x00007ffc2a94c000 	C:\Program Files\Java\jdk-15\bin\server\jvm.dll
0x00007ffc93800000 - 0x00007ffc93808000 	C:\WINDOWS\System32\PSAPI.DLL
0x00007ffc7c3a0000 - 0x00007ffc7c3a9000 	C:\WINDOWS\SYSTEM32\WSOCK32.dll
0x00007ffc84280000 - 0x00007ffc842a7000 	C:\WINDOWS\SYSTEM32\WINMM.dll
0x00007ffc93170000 - 0x00007ffc931db000 	C:\WINDOWS\System32\WS2_32.dll
0x00007ffc90220000 - 0x00007ffc90232000 	C:\WINDOWS\SYSTEM32\kernel.appcore.dll
0x00007ffc7c420000 - 0x00007ffc7c42a000 	C:\Program Files\Java\jdk-15\bin\jimage.dll
0x00007ffc8eff0000 - 0x00007ffc8f1d4000 	C:\WINDOWS\SYSTEM32\DBGHELP.DLL
0x00007ffc7edf0000 - 0x00007ffc7ee1c000 	C:\WINDOWS\SYSTEM32\dbgcore.DLL
0x00007ffc92050000 - 0x00007ffc920d0000 	C:\WINDOWS\System32\bcryptPrimitives.dll
0x00007ffc717f0000 - 0x00007ffc71815000 	C:\Program Files\Java\jdk-15\bin\java.dll
0x00007ffc93a60000 - 0x00007ffc941a2000 	C:\WINDOWS\System32\SHELL32.dll
0x00007ffc8fa70000 - 0x00007ffc90201000 	C:\WINDOWS\SYSTEM32\windows.storage.dll
0x00007ffc92260000 - 0x00007ffc925b5000 	C:\WINDOWS\System32\combase.dll
0x00007ffc913a0000 - 0x00007ffc913cc000 	C:\WINDOWS\SYSTEM32\Wldp.dll
0x00007ffc925c0000 - 0x00007ffc9266e000 	C:\WINDOWS\System32\SHCORE.dll
0x00007ffc92fa0000 - 0x00007ffc92ff5000 	C:\WINDOWS\System32\shlwapi.dll
0x00007ffc91870000 - 0x00007ffc9188f000 	C:\WINDOWS\SYSTEM32\profapi.dll
0x00007ffc6d860000 - 0x00007ffc6d879000 	C:\Program Files\Java\jdk-15\bin\net.dll
0x00007ffc8aee0000 - 0x00007ffc8afeb000 	C:\WINDOWS\SYSTEM32\WINHTTP.dll
0x00007ffc91110000 - 0x00007ffc9117a000 	C:\WINDOWS\system32\mswsock.dll
0x00007ffc6b140000 - 0x00007ffc6b152000 	C:\Program Files\Java\jdk-15\bin\nio.dll
0x00007ffc6b120000 - 0x00007ffc6b138000 	C:\Program Files\Java\jdk-15\bin\zip.dll
0x00007ffc7c1a0000 - 0x00007ffc7c1b0000 	C:\Program Files\Java\jdk-15\bin\verify.dll
0x0000000180000000 - 0x0000000180025000 	C:\Program Files\Java\jdk-15\bin\rxtxSerial.dll

dbghelp: loaded successfully - version: 4.0.5 - missing functions: none
symbol engine: initialized successfully - sym options: 0x614 - pdb path: .;C:\Program Files\Java\jdk-15\bin;C:\WINDOWS\SYSTEM32;C:\WINDOWS\WinSxS\amd64_microsoft.windows.common-controls_6595b64144ccf1df_6.0.19041.844_none_ca00b6081b84eb1d;C:\Program Files\Java\jdk-15\bin\server

VM Arguments:
java_command: gal.teis.vacunas.edcontrolpanel.Main
java_class_path (initial): C:\Users\Ar\Google Drive\CsDam Arlumno\PR\ProyectosNetbeans\EDcontrolPanel\target\classes;C:\Users\Ar\.m2\repository\com\googlecode\json-simple\json-simple\1.1.1\json-simple-1.1.1.jar;C:\Users\Ar\.m2\repository\junit\junit\4.10\junit-4.10.jar;C:\Users\Ar\.m2\repository\org\hamcrest\hamcrest-core\1.1\hamcrest-core-1.1.jar;C:\Users\Ar\.m2\repository\org\rxtx\rxtx\2.1.7\rxtx-2.1.7.jar
Launcher Type: SUN_STANDARD

[Global flags]
     intx CICompilerCount                          = 4                                         {product} {ergonomic}
     uint ConcGCThreads                            = 3                                         {product} {ergonomic}
     uint G1ConcRefinementThreads                  = 10                                        {product} {ergonomic}
   size_t G1HeapRegionSize                         = 2097152                                   {product} {ergonomic}
    uintx GCDrainStackTargetSize                   = 64                                        {product} {ergonomic}
   size_t InitialHeapSize                          = 268435456                                 {product} {ergonomic}
   size_t MarkStackSize                            = 4194304                                   {product} {ergonomic}
   size_t MaxHeapSize                              = 4282384384                                {product} {ergonomic}
   size_t MaxNewSize                               = 2569011200                                {product} {ergonomic}
   size_t MinHeapDeltaBytes                        = 2097152                                   {product} {ergonomic}
   size_t MinHeapSize                              = 8388608                                   {product} {ergonomic}
    uintx NonNMethodCodeHeapSize                   = 5839372                                {pd product} {ergonomic}
    uintx NonProfiledCodeHeapSize                  = 122909434                              {pd product} {ergonomic}
    uintx ProfiledCodeHeapSize                     = 122909434                              {pd product} {ergonomic}
    uintx ReservedCodeCacheSize                    = 251658240                              {pd product} {ergonomic}
     bool SegmentedCodeCache                       = true                                      {product} {ergonomic}
   size_t SoftMaxHeapSize                          = 4282384384                             {manageable} {ergonomic}
     bool UseCompressedClassPointers               = true                                 {lp64_product} {ergonomic}
     bool UseCompressedOops                        = true                                 {lp64_product} {ergonomic}
     bool UseG1GC                                  = true                                      {product} {ergonomic}
     bool UseLargePagesIndividualAllocation        = false                                  {pd product} {ergonomic}

Logging:
Log output configuration:
 #0: stdout all=warning uptime,level,tags
 #1: stderr all=off uptime,level,tags

Environment Variables:
JAVA_HOME=C:\Program Files\Java\jdk-15
PATH=C:\Program Files\CollabNet\Subversion Client;C:\Program Files\Common Files\Oracle\Java\javapath;C:\Program Files (x86)\Common Files\Oracle\Java\javapath;C:\Program Files (x86)\Razer Chroma SDK\bin;C:\Program Files\Razer Chroma SDK\bin;C:\Windows\system32;C:\Windows;C:\Windows\System32\Wbem;C:\Windows\System32\WindowsPowerShell\v1.0\;C:\Windows\System32\OpenSSH\;C:\Users\Ar\AppData\Local\Microsoft\WindowsApps;%JAVA_HOME%\bin;C:\TDM-GCC-64\bin;%PHP_HOME%\;C:\Program Files\dotnet\;C:\Program Files\PuTTY\;C:\Program Files\Git\cmd;C:\WINDOWS\system32;C:\WINDOWS;C:\WINDOWS\System32\Wbem;C:\WINDOWS\System32\WindowsPowerShell\v1.0\;C:\WINDOWS\System32\OpenSSH\;C:\BC5\BIN;C:\Users\Ar\AppData\Local\Microsoft\WindowsApps;C:\Users\Ar\.dotnet\tools;C:\Users\Ar\AppData\Local\GitHubDesktop\bin;
USERNAME=Ar
OS=Windows_NT
PROCESSOR_IDENTIFIER=AMD64 Family 23 Model 113 Stepping 0, AuthenticAMD



---------------  S Y S T E M  ---------------

OS:
 Windows 10 , 64 bit Build 19041 (10.0.19041.928)
OS uptime: 0 days 1:47 hours

CPU: total 12 (initial active 12) (12 cores per cpu, 2 threads per core) family 23 model 113 stepping 0, cmov, cx8, fxsr, mmx, sse, sse2, sse3, ssse3, sse4.1, sse4.2, popcnt, vzeroupper, avx, avx2, aes, clmul, 3dnowpref, lzcnt, sse4a, ht, tsc, tscinvbit, tscinv, bmi1, bmi2, adx, sha, fma, clflush, clflushopt

Memory: 4k page, system-wide physical 16334M (8772M free)
TotalPageFile size 25038M (AvailPageFile size 10121M)
current process WorkingSet (physical memory assigned to process): 30M, peak: 30M
current process commit charge ("private bytes"): 351M, peak: 351M

vm_info: Java HotSpot(TM) 64-Bit Server VM (15+36-1562) for windows-amd64 JRE (15+36-1562), built on Aug 11 2020 22:38:02 by "mach5one" with unknown MS VC++:1925

END.
